INFO:root:python worker app start
INFO:root:hi
INFO:root:python worker app start
INFO:root:hi
DEBUG:boto:Using access key found in shared credential file.
DEBUG:boto:Using secret key found in shared credential file.
DEBUG:boto:path=/
DEBUG:boto:auth_path=/nthu-105060005/
DEBUG:boto:Method: HEAD
DEBUG:boto:Path: /
DEBUG:boto:Data: 
DEBUG:boto:Headers: {}
DEBUG:boto:Host: nthu-105060005.s3.amazonaws.com
DEBUG:boto:Port: 443
DEBUG:boto:Params: {}
DEBUG:boto:establishing HTTPS connection: host=nthu-105060005.s3.amazonaws.com, kwargs={'port': 443, 'timeout': 70}
DEBUG:boto:Token: None
DEBUG:boto:StringToSign:
HEAD


Sun, 12 May 2019 18:30:54 GMT
/nthu-105060005/
DEBUG:boto:Signature:
AWS AKIARGHGETKNLXUJALOC:QuOd585WBRzfHo7jdKXQmfjOjvc=
DEBUG:boto:Final headers: {'Date': 'Sun, 12 May 2019 18:30:54 GMT', 'Content-Length': '0', 'Authorization': u'AWS AKIARGHGETKNLXUJALOC:QuOd585WBRzfHo7jdKXQmfjOjvc=', 'User-Agent': 'Boto/2.49.0 Python/2.7.10 Darwin/18.5.0'}
DEBUG:boto:Response headers: [('x-amz-bucket-region', 'us-east-1'), ('x-amz-id-2', 'mW54+X5P+m96J4R3gcJUvF52e6atLVw+ge0YaEC7rpfw3GMAZazUYNctNk/BCIhA5Z4pHKBnmvA='), ('server', 'AmazonS3'), ('transfer-encoding', 'chunked'), ('x-amz-request-id', '3D1EB475F8478E47'), ('date', 'Sun, 12 May 2019 18:30:55 GMT'), ('content-type', 'application/xml')]
DEBUG:boto:path=/example.log
DEBUG:boto:auth_path=/nthu-105060005/example.log
DEBUG:boto:Method: PUT
DEBUG:boto:Path: /example.log
DEBUG:boto:Data: 
DEBUG:boto:Headers: {'Content-Length': '1309', 'Content-MD5': u'JZlMLtf3oDqmTEMjLP0r6A==', 'Content-Type': 'text/plain', 'Expect': '100-Continue', 'User-Agent': 'Boto/2.49.0 Python/2.7.10 Darwin/18.5.0'}
DEBUG:boto:Host: nthu-105060005.s3.amazonaws.com
DEBUG:boto:Port: 443
DEBUG:boto:Params: {}
DEBUG:boto:Token: None
DEBUG:boto:StringToSign:
PUT
JZlMLtf3oDqmTEMjLP0r6A==
text/plain
Sun, 12 May 2019 18:30:55 GMT
/nthu-105060005/example.log
DEBUG:boto:Signature:
AWS AKIARGHGETKNLXUJALOC:YrrnJhSj0YHf7K3CLw+yCjyCk9k=
DEBUG:boto:Final headers: {'Content-Length': '1309', 'Content-MD5': 'JZlMLtf3oDqmTEMjLP0r6A==', 'Expect': '100-Continue', 'Date': 'Sun, 12 May 2019 18:30:55 GMT', 'User-Agent': 'Boto/2.49.0 Python/2.7.10 Darwin/18.5.0', 'Content-Type': 'text/plain', 'Authorization': u'AWS AKIARGHGETKNLXUJALOC:YrrnJhSj0YHf7K3CLw+yCjyCk9k='}
DEBUG:boto:Response headers: [('content-length', '0'), ('x-amz-id-2', 'lDp+eZ818XV4ZQM2lPm0W+YRmHX2nK5hNJsNaz+RvcGibRv77fshCihKqi4WywJLtB99n9txM8Q='), ('server', 'AmazonS3'), ('x-amz-request-id', '6C414F990D6140EE'), ('etag', '"25994c2ed7f7a03aa64c43232cfd2be8"'), ('date', 'Sun, 12 May 2019 18:30:56 GMT')]
DEBUG:boto:path=/example.log
DEBUG:boto:auth_path=/nthu-105060005/example.log
DEBUG:boto:path=/example.log?acl
DEBUG:boto:auth_path=/nthu-105060005/example.log?acl
DEBUG:boto:Method: PUT
DEBUG:boto:Path: /example.log?acl
DEBUG:boto:Data: 
DEBUG:boto:Headers: {'x-amz-acl': 'public-read'}
DEBUG:boto:Host: nthu-105060005.s3.amazonaws.com
DEBUG:boto:Port: 443
DEBUG:boto:Params: {}
DEBUG:boto:Token: None
DEBUG:boto:StringToSign:
PUT


Sun, 12 May 2019 18:30:55 GMT
x-amz-acl:public-read
/nthu-105060005/example.log?acl
DEBUG:boto:Signature:
AWS AKIARGHGETKNLXUJALOC:DqeJDQbJd4LQQ+cZN1l94rYv+Lg=
DEBUG:boto:Final headers: {'Date': 'Sun, 12 May 2019 18:30:55 GMT', 'Content-Length': '0', 'x-amz-acl': 'public-read', 'Authorization': u'AWS AKIARGHGETKNLXUJALOC:DqeJDQbJd4LQQ+cZN1l94rYv+Lg=', 'User-Agent': 'Boto/2.49.0 Python/2.7.10 Darwin/18.5.0'}
DEBUG:boto:Response headers: [('x-amz-id-2', 'LnhntnHineoAcRoWRkxcI3aCLh7N7I5n9uQwbXPpN+sF+njnp94ZBqEgoazxwRsRCJInnx/ULcc='), ('date', 'Sun, 12 May 2019 18:30:56 GMT'), ('content-length', '0'), ('x-amz-request-id', 'CD605BE1CDB05C27'), ('server', 'AmazonS3')]
